<?xml version="1.0" encoding="UTF-8"?>
<testng-results ignored="0" total="1" passed="1" failed="0" skipped="0">
  <reporter-output>
  </reporter-output>
  <suite started-at="2024-09-27T14:48:22 IST" name="Default suite" finished-at="2024-09-27T14:48:34 IST" duration-ms="12814">
    <groups>
    </groups>
    <test started-at="2024-09-27T14:48:22 IST" name="Default test" finished-at="2024-09-27T14:48:34 IST" duration-ms="12814">
      <class name="testscenarios.GoogleTestPage">
        <test-method is-config="true" signature="beforetest()[pri:0, instance:testscenarios.GoogleTestPage@25df00a0]" started-at="2024-09-27T14:48:22 IST" name="beforetest" finished-at="2024-09-27T14:48:31 IST" duration-ms="9019" status="PASS">
          <reporter-output>
          </reporter-output>
        </test-method> <!-- beforetest -->
        <test-method signature="googlesearch()[pri:0, instance:testscenarios.GoogleTestPage@25df00a0]" started-at="2024-09-27T14:48:31 IST" name="googlesearch" finished-at="2024-09-27T14:48:34 IST" duration-ms="3219" status="PASS">
          <reporter-output>
          </reporter-output>
        </test-method> <!-- googlesearch -->
        <test-method is-config="true" signature="after()[pri:0, instance:testscenarios.GoogleTestPage@25df00a0]" started-at="2024-09-27T14:48:34 IST" name="after" finished-at="2024-09-27T14:48:34 IST" duration-ms="485" status="PASS">
          <reporter-output>
          </reporter-output>
        </test-method> <!-- after -->
      </class> <!-- testscenarios.GoogleTestPage -->
    </test> <!-- Default test -->
  </suite> <!-- Default suite -->
</testng-results>
